<?xml version="1.0" encoding="UTF-8"?>
<!-- Generated by org.testng.reporters.JUnitXMLReporter -->
<testsuite ignored="0" hostname="DESKTOP-J068OMN" failures="4" tests="6" name="loginTest" time="66.034" errors="0" timestamp="14 Oct 2022 11:32:35 GMT">
  <testcase classname="com.bikkadit.ebam.testCases.TC_LoginTest_001" name="loginTest" time="4.219"/>
  <testcase classname="com.bikkadit.ebam.testCases.TC_loginTest_002" name="loginDDT" time="11.285"/>
  <testcase classname="com.bikkadit.ebam.testCases.TC_loginTest_002" name="loginDDT" time="6.557">
    <failure type="java.lang.AssertionError" message="expected [true] but found [false]">
      <![CDATA[java.lang.AssertionError: expected [true] but found [false]
at com.bikkadit.ebam.testCases.TC_loginTest_002.loginDDT(TC_loginTest_002.java:31)
... Removed 29 stack frames]]>
    </failure>
  </testcase> <!-- loginDDT -->
  <testcase classname="com.bikkadit.ebam.testCases.TC_loginTest_002" name="loginDDT" time="7.492">
    <failure type="java.lang.AssertionError" message="expected [true] but found [false]">
      <![CDATA[java.lang.AssertionError: expected [true] but found [false]
at com.bikkadit.ebam.testCases.TC_loginTest_002.loginDDT(TC_loginTest_002.java:31)
... Removed 29 stack frames]]>
    </failure>
  </testcase> <!-- loginDDT -->
  <testcase classname="com.bikkadit.ebam.testCases.TC_loginTest_002" name="loginDDT" time="6.808">
    <failure type="java.lang.AssertionError" message="expected [true] but found [false]">
      <![CDATA[java.lang.AssertionError: expected [true] but found [false]
at com.bikkadit.ebam.testCases.TC_loginTest_002.loginDDT(TC_loginTest_002.java:31)
... Removed 29 stack frames]]>
    </failure>
  </testcase> <!-- loginDDT -->
  <testcase classname="com.bikkadit.ebam.testCases.TC_loginTest_002" name="loginDDT" time="5.971">
    <failure type="java.lang.AssertionError" message="expected [true] but found [false]">
      <![CDATA[java.lang.AssertionError: expected [true] but found [false]
at com.bikkadit.ebam.testCases.TC_loginTest_002.loginDDT(TC_loginTest_002.java:31)
... Removed 29 stack frames]]>
    </failure>
  </testcase> <!-- loginDDT -->
</testsuite> <!-- loginTest -->
