<?xml version="1.0" encoding="UTF-8"?>
<!-- Generated by org.testng.reporters.JUnitXMLReporter -->
<testsuite ignored="0" hostname="DESKTOP-J068OMN" failures="0" tests="3" name="loginTest" time="52.695" errors="0" timestamp="15 Oct 2022 10:29:28 GMT">
  <testcase classname="com.bikkadit.ebam.testCases.TC_LoginTest_001" name="loginTest" time="4.387"/>
  <testcase classname="com.bikkadit.ebam.testCases.TC_loginTest_002" name="loginDDT" time="13.036"/>
  <testcase classname="com.bikkadit.ebam.testCases.TC_loginTest_002" name="loginDDT" time="13.778"/>
</testsuite> <!-- loginTest -->
