<?xml version="1.0" encoding="UTF-8"?>
<testng-results ignored="0" total="3" passed="3" failed="0" skipped="0">
  <reporter-output>
  </reporter-output>
  <suite started-at="2022-10-15T10:28:36Z" name="ebam" finished-at="2022-10-15T10:29:28Z" duration-ms="52695">
    <groups>
    </groups>
    <test started-at="2022-10-15T10:28:36Z" name="loginTest" finished-at="2022-10-15T10:29:28Z" duration-ms="52695">
      <class name="com.bikkadit.ebam.testCases.TC_loginTest_002">
        <test-method is-config="true" signature="setup(java.lang.String)[pri:0, instance:com.bikkadit.ebam.testCases.TC_loginTest_002@4f18837a]" started-at="2022-10-15T10:28:51Z" name="setup" finished-at="2022-10-15T10:28:58Z" duration-ms="6696" status="PASS">
          <params>
            <param index="0">
              <value>
                <![CDATA[chrome]]>
              </value>
            </param>
          </params>
          <reporter-output>
          </reporter-output>
        </test-method> <!-- setup -->
        <test-method signature="loginDDT(java.lang.String, java.lang.String)[pri:0, instance:com.bikkadit.ebam.testCases.TC_loginTest_002@4f18837a]" started-at="2022-10-15T10:28:59Z" name="loginDDT" data-provider="LoginData" finished-at="2022-10-15T10:29:12Z" duration-ms="13036" status="PASS">
          <params>
            <param index="0">
              <value>
                <![CDATA[mngr444232]]>
              </value>
            </param>
            <param index="1">
              <value>
                <![CDATA[Ututata]]>
              </value>
            </param>
          </params>
          <reporter-output>
          </reporter-output>
        </test-method> <!-- loginDDT -->
        <test-method signature="loginDDT(java.lang.String, java.lang.String)[pri:0, instance:com.bikkadit.ebam.testCases.TC_loginTest_002@4f18837a]" started-at="2022-10-15T10:29:12Z" name="loginDDT" data-provider="LoginData" finished-at="2022-10-15T10:29:26Z" duration-ms="13778" status="PASS">
          <params>
            <param index="0">
              <value>
                <![CDATA[mngr444232]]>
              </value>
            </param>
            <param index="1">
              <value>
                <![CDATA[Ututata]]>
              </value>
            </param>
          </params>
          <reporter-output>
          </reporter-output>
        </test-method> <!-- loginDDT -->
        <test-method is-config="true" signature="tearDown()[pri:0, instance:com.bikkadit.ebam.testCases.TC_loginTest_002@4f18837a]" started-at="2022-10-15T10:29:26Z" name="tearDown" finished-at="2022-10-15T10:29:28Z" duration-ms="2367" status="PASS">
          <reporter-output>
          </reporter-output>
        </test-method> <!-- tearDown -->
      </class> <!-- com.bikkadit.ebam.testCases.TC_loginTest_002 -->
      <class name="com.bikkadit.ebam.testCases.TC_LoginTest_001">
        <test-method is-config="true" signature="setup(java.lang.String)[pri:0, instance:com.bikkadit.ebam.testCases.TC_LoginTest_001@6356695f]" started-at="2022-10-15T10:28:36Z" name="setup" finished-at="2022-10-15T10:28:47Z" duration-ms="10669" status="PASS">
          <params>
            <param index="0">
              <value>
                <![CDATA[chrome]]>
              </value>
            </param>
          </params>
          <reporter-output>
          </reporter-output>
        </test-method> <!-- setup -->
        <test-method signature="loginTest()[pri:0, instance:com.bikkadit.ebam.testCases.TC_LoginTest_001@6356695f]" started-at="2022-10-15T10:28:47Z" name="loginTest" finished-at="2022-10-15T10:28:51Z" duration-ms="4387" status="PASS">
          <reporter-output>
          </reporter-output>
        </test-method> <!-- loginTest -->
        <test-method is-config="true" signature="tearDown()[pri:0, instance:com.bikkadit.ebam.testCases.TC_LoginTest_001@6356695f]" started-at="2022-10-15T10:28:51Z" name="tearDown" finished-at="2022-10-15T10:28:51Z" duration-ms="309" status="PASS">
          <reporter-output>
          </reporter-output>
        </test-method> <!-- tearDown -->
      </class> <!-- com.bikkadit.ebam.testCases.TC_LoginTest_001 -->
    </test> <!-- loginTest -->
  </suite> <!-- ebam -->
</testng-results>
